<!DOCTYPE html PUBLIC "-//W3C//DTD XHTML 1.1//EN" "https://www.w3.org/TR/xhtml11/DTD/xhtml11.dtd">
<html xmlns="https://www.w3.org/1999/xhtml">
<head>
<meta http-equiv="content-type" content="text/html; charset=UTF-8"/>
<title>TestNG Report</title>
<style type="text/css">table {margin-bottom:10px;border-collapse:collapse;empty-cells:show}th,td {border:1px solid #009;padding:.25em .5em}th {vertical-align:bottom}td {vertical-align:top}table a {font-weight:bold}.stripe td {background-color: #E6EBF9}.num {text-align:right}.passedodd td {background-color: #3F3}.passedeven td {background-color: #0A0}.skippedodd td {background-color: #DDD}.skippedeven td {background-color: #CCC}.failedodd td,.attn {background-color: #F33}.failedeven td,.stripe .attn {background-color: #D00}.stacktrace {white-space:pre;font-family:monospace}.totop {font-size:85%;text-align:center;border-bottom:2px solid #000}.invisible {display:none}</style>
</head>
<body>
<table>
<tr><th>Test</th><th># Passed</th><th># Skipped</th><th># Retried</th><th># Failed</th><th>Time (ms)</th><th>Included Groups</th><th>Excluded Groups</th></tr>
<tr><th colspan="8">BDD Suite</th></tr>
<tr><td><a href="#t0">Cucumber Tests</a></td><td class="num">5</td><td class="num">0</td><td class="num attn">11</td><td class="num attn">1</td><td class="num">289,450</td><td></td><td></td></tr>
</table>
<table id='summary'><thead><tr><th>Class</th><th>Method</th><th>Start</th><th>Time (ms)</th></tr></thead><tbody><tr><th colspan="4">BDD Suite</th></tr></tbody><tbody id="t0"><tr><th colspan="4">Cucumber Tests &#8212; failed</th></tr><tr class="failedeven"><td rowspan="1">testRunner.TestRunner</td><td><a href="#m0">runScenario</a></td><td rowspan="1">1758083054559</td><td rowspan="1">23151</td></tr><tr><th colspan="4">Cucumber Tests &#8212; retried</th></tr><tr class="retriedeven"><td rowspan="11">testRunner.TestRunner</td><td><a href="#m1">runScenario</a></td><td rowspan="11">1758082999491</td><td rowspan="11">16330</td></tr><tr class="retriedeven"><td><a href="#m2">runScenario</a></td></tr><tr class="retriedeven"><td><a href="#m3">runScenario</a></td></tr><tr class="retriedeven"><td><a href="#m4">runScenario</a></td></tr><tr class="retriedeven"><td><a href="#m5">runScenario</a></td></tr><tr class="retriedeven"><td><a href="#m6">runScenario</a></td></tr><tr class="retriedeven"><td><a href="#m7">runScenario</a></td></tr><tr class="retriedeven"><td><a href="#m8">runScenario</a></td></tr><tr class="retriedeven"><td><a href="#m9">runScenario</a></td></tr><tr class="retriedeven"><td><a href="#m10">runScenario</a></td></tr><tr class="retriedeven"><td><a href="#m11">runScenario</a></td></tr><tr><th colspan="4">Cucumber Tests &#8212; passed</th></tr><tr class="passedeven"><td rowspan="5">testRunner.TestRunner</td><td><a href="#m12">runScenario</a></td><td rowspan="5">1758083077715</td><td rowspan="5">10964</td></tr><tr class="passedeven"><td><a href="#m13">runScenario</a></td></tr><tr class="passedeven"><td><a href="#m14">runScenario</a></td></tr><tr class="passedeven"><td><a href="#m15">runScenario</a></td></tr><tr class="passedeven"><td><a href="#m16">runScenario</a></td></tr></tbody>
</table>
<h2>Cucumber Tests</h2><h3 id="m0">testRunner.TestRunner#runScenario</h3><table class="result"><tr class="param"><th>Parameter #1</th><th>Parameter #2</th></tr><tr class="param stripe"><td>&quot;Extracting data from Nse of Rise In OI Rise In Price&quot;</td><td>&quot;Validation For Bullish Stocks Rise In OI Rise In Price Data in NSE&quot;</td></tr><tr><th colspan="2">Exception</th></tr><tr><td colspan="2"><div class="stacktrace">java.lang.AssertionError: expected [true] but found [false]
	at pageObjects.RORIBullish.riseInOiandRiseInPrice(RORIBullish.java:75)
	at stepDefinitions.BullishStocksTradStepDefinition.click_on_rise_in_oi_rise_in_price_for_stocks_data(BullishStocksTradStepDefinition.java:20)
	at ✽.Click On Rise In OI Rise In Price for Stocks Data(file:///C:/Users/prave.PRAVEENREDDY.000/eclipse-workspace/TradingStocks/src/test/java/Features/Bullish.feature:4)
... Removed 4 stack frames</div></td></tr></table><p class="totop"><a href="#summary">back to summary</a></p>
<h3 id="m1">testRunner.TestRunner#runScenario</h3><table class="result"><tr class="param"><th>Parameter #1</th><th>Parameter #2</th></tr><tr class="param stripe"><td>&quot;Extracting data from Nse of Rise In OI Rise In Price&quot;</td><td>&quot;Validation For Bullish Stocks Rise In OI Rise In Price Data in NSE&quot;</td></tr><tr><th colspan="2">Exception</th></tr><tr><td colspan="2"><div class="stacktrace">java.lang.AssertionError: expected [true] but found [false]
	at pageObjects.RORIBullish.riseInOiandRiseInPrice(RORIBullish.java:75)
	at stepDefinitions.BullishStocksTradStepDefinition.click_on_rise_in_oi_rise_in_price_for_stocks_data(BullishStocksTradStepDefinition.java:20)
	at ✽.Click On Rise In OI Rise In Price for Stocks Data(file:///C:/Users/prave.PRAVEENREDDY.000/eclipse-workspace/TradingStocks/src/test/java/Features/Bullish.feature:4)
... Removed 4 stack frames</div></td></tr></table><p class="totop"><a href="#summary">back to summary</a></p>
<h3 id="m2">testRunner.TestRunner#runScenario</h3><table class="result"><tr class="param"><th>Parameter #1</th><th>Parameter #2</th></tr><tr class="param stripe"><td>&quot;Extracting data from Nse of Rise In OI Rise In Price&quot;</td><td>&quot;Validation For Bullish Stocks Rise In OI Rise In Price Data in NSE&quot;</td></tr><tr><th colspan="2">Exception</th></tr><tr><td colspan="2"><div class="stacktrace">java.lang.AssertionError: expected [true] but found [false]
	at pageObjects.RORIBullish.riseInOiandRiseInPrice(RORIBullish.java:75)
	at stepDefinitions.BullishStocksTradStepDefinition.click_on_rise_in_oi_rise_in_price_for_stocks_data(BullishStocksTradStepDefinition.java:20)
	at ✽.Click On Rise In OI Rise In Price for Stocks Data(file:///C:/Users/prave.PRAVEENREDDY.000/eclipse-workspace/TradingStocks/src/test/java/Features/Bullish.feature:4)
... Removed 4 stack frames</div></td></tr></table><p class="totop"><a href="#summary">back to summary</a></p>
<h3 id="m3">testRunner.TestRunner#runScenario</h3><table class="result"><tr class="param"><th>Parameter #1</th><th>Parameter #2</th></tr><tr class="param stripe"><td>&quot;Extracting data from Nse of Rise In OI Rise In Price&quot;</td><td>&quot;Validation For Bullish Stocks Rise In OI Rise In Price Data in NSE&quot;</td></tr><tr><th colspan="2">Exception</th></tr><tr><td colspan="2"><div class="stacktrace">java.lang.AssertionError: expected [true] but found [false]
	at pageObjects.RORIBullish.riseInOiandRiseInPrice(RORIBullish.java:75)
	at stepDefinitions.BullishStocksTradStepDefinition.click_on_rise_in_oi_rise_in_price_for_stocks_data(BullishStocksTradStepDefinition.java:20)
	at ✽.Click On Rise In OI Rise In Price for Stocks Data(file:///C:/Users/prave.PRAVEENREDDY.000/eclipse-workspace/TradingStocks/src/test/java/Features/Bullish.feature:4)
... Removed 4 stack frames</div></td></tr></table><p class="totop"><a href="#summary">back to summary</a></p>
<h3 id="m4">testRunner.TestRunner#runScenario</h3><table class="result"><tr class="param"><th>Parameter #1</th><th>Parameter #2</th></tr><tr class="param stripe"><td>&quot;Extracting Most Active Stocks Calls Data from Nse&quot;</td><td>&quot;Validation For Most Active Stocks calls Data From NSE&quot;</td></tr><tr><th colspan="2">Exception</th></tr><tr><td colspan="2"><div class="stacktrace">org.openqa.selenium.TimeoutException: Expected condition failed: waiting for visibility of all elements located by By.xpath: //table[@id=&apos;MACEquityTable&apos;]//tbody//tr//td[text()=&apos;Stock Options&apos;]//parent::tr | //table[@id=&apos;MACEquityTable&apos;]//tbody//tr//td[text()=&apos;Stock Futures&apos;]//parent::tr (tried for 5 second(s) with 500 milliseconds interval)
Build info: version: &apos;4.32.0&apos;, revision: &apos;d17c8aa950&apos;
System info: os.name: &apos;Windows 11&apos;, os.arch: &apos;amd64&apos;, os.version: &apos;10.0&apos;, java.version: &apos;24.0.1&apos;
Driver info: org.openqa.selenium.firefox.FirefoxDriver
Capabilities {acceptInsecureCerts: true, browserName: firefox, browserVersion: 143.0, moz:accessibilityChecks: false, moz:buildID: 20250908174027, moz:geckodriverVersion: 0.36.0, moz:headless: true, moz:platformVersion: 10.0, moz:processID: 13372, moz:profile: C:\Users\PRAVEP~1.000\AppDa..., moz:shutdownTimeout: 60000, moz:webdriverClick: true, moz:windowless: false, pageLoadStrategy: normal, platformName: windows, proxy: Proxy(), setWindowRect: true, strictFileInteractability: false, timeouts: {implicit: 0, pageLoad: 300000, script: 30000}, unhandledPromptBehavior: dismiss and notify, userAgent: Mozilla/5.0 (Windows NT 10....}
Session ID: 1b4c4969-2ce1-400c-b890-af001acdfe0c
	at org.openqa.selenium.support.ui.WebDriverWait.timeoutException(WebDriverWait.java:84)
	at org.openqa.selenium.support.ui.FluentWait.until(FluentWait.java:228)
	at pageObjects.StocksCalls.extarctStocksCallsData(StocksCalls.java:48)
	at stepDefinitions.StocksCallStepDefiniton.click_on_most_active_stocks_calls_data(StocksCallStepDefiniton.java:18)
	at ✽.Click On Most Active Stocks Calls Data(file:///C:/Users/prave.PRAVEENREDDY.000/eclipse-workspace/TradingStocks/src/test/java/Features/StocksCalls.feature:4)
</div></td></tr></table><p class="totop"><a href="#summary">back to summary</a></p>
<h3 id="m5">testRunner.TestRunner#runScenario</h3><table class="result"><tr class="param"><th>Parameter #1</th><th>Parameter #2</th></tr><tr class="param stripe"><td>&quot;Extracting data from Nse of Rise In OI Rise In Price&quot;</td><td>&quot;Validation For Bullish Stocks Rise In OI Rise In Price Data in NSE&quot;</td></tr><tr><th colspan="2">Exception</th></tr><tr><td colspan="2"><div class="stacktrace">org.openqa.selenium.NoSuchElementException: Unable to locate element: //option[@value=&apos;Rise-in-OI-Rise&apos;]
For documentation on this error, please visit: https://www.selenium.dev/documentation/webdriver/troubleshooting/errors#no-such-element-exception
Build info: version: &apos;4.32.0&apos;, revision: &apos;d17c8aa950&apos;
System info: os.name: &apos;Windows 11&apos;, os.arch: &apos;amd64&apos;, os.version: &apos;10.0&apos;, java.version: &apos;24.0.1&apos;
Driver info: org.openqa.selenium.firefox.FirefoxDriver
Command: [5cdbfad3-58fc-47c2-894b-716c776fe22b, findElement {value=//option[@value=&apos;Rise-in-OI-Rise&apos;], using=xpath}]
Capabilities {acceptInsecureCerts: true, browserName: firefox, browserVersion: 143.0, moz:accessibilityChecks: false, moz:buildID: 20250908174027, moz:geckodriverVersion: 0.36.0, moz:headless: true, moz:platformVersion: 10.0, moz:processID: 12576, moz:profile: C:\Users\PRAVEP~1.000\AppDa..., moz:shutdownTimeout: 60000, moz:webdriverClick: true, moz:windowless: false, pageLoadStrategy: normal, platformName: windows, proxy: Proxy(), setWindowRect: true, strictFileInteractability: false, timeouts: {implicit: 0, pageLoad: 300000, script: 30000}, unhandledPromptBehavior: dismiss and notify, userAgent: Mozilla/5.0 (Windows NT 10....}
Session ID: 5cdbfad3-58fc-47c2-894b-716c776fe22b
	at org.openqa.selenium.remote.ErrorCodec.decode(ErrorCodec.java:167)
	at org.openqa.selenium.remote.codec.w3c.W3CHttpResponseCodec.decode(W3CHttpResponseCodec.java:138)
	at org.openqa.selenium.remote.codec.w3c.W3CHttpResponseCodec.decode(W3CHttpResponseCodec.java:50)
	at org.openqa.selenium.remote.HttpCommandExecutor.execute(HttpCommandExecutor.java:215)
	at org.openqa.selenium.remote.service.DriverCommandExecutor.invokeExecute(DriverCommandExecutor.java:216)
	at org.openqa.selenium.remote.service.DriverCommandExecutor.execute(DriverCommandExecutor.java:174)
	at org.openqa.selenium.remote.RemoteWebDriver.execute(RemoteWebDriver.java:545)
	at org.openqa.selenium.remote.ElementLocation$ElementFinder$2.findElement(ElementLocation.java:165)
	at org.openqa.selenium.remote.ElementLocation.findElement(ElementLocation.java:59)
	at org.openqa.selenium.remote.RemoteWebDriver.findElement(RemoteWebDriver.java:368)
	at org.openqa.selenium.remote.RemoteWebDriver.findElement(RemoteWebDriver.java:362)
	at pageObjects.RORIBullish.riseInOiandRiseInPrice(RORIBullish.java:42)
	at stepDefinitions.BullishStocksTradStepDefinition.click_on_rise_in_oi_rise_in_price_for_stocks_data(BullishStocksTradStepDefinition.java:20)
	at ✽.Click On Rise In OI Rise In Price for Stocks Data(file:///C:/Users/prave.PRAVEENREDDY.000/eclipse-workspace/TradingStocks/src/test/java/Features/Bullish.feature:4)
... Removed 3 stack frames</div></td></tr></table><p class="totop"><a href="#summary">back to summary</a></p>
<h3 id="m6">testRunner.TestRunner#runScenario</h3><table class="result"><tr class="param"><th>Parameter #1</th><th>Parameter #2</th></tr><tr class="param stripe"><td>&quot;Extracting Most Active Stocks Calls Data from Nse&quot;</td><td>&quot;Validation For Most Active Stocks calls Data From NSE&quot;</td></tr><tr><th colspan="2">Exception</th></tr><tr><td colspan="2"><div class="stacktrace">org.openqa.selenium.TimeoutException: Expected condition failed: waiting for visibility of all elements located by By.xpath: //table[@id=&apos;MACEquityTable&apos;]//tbody//tr//td[text()=&apos;Stock Options&apos;]//parent::tr | //table[@id=&apos;MACEquityTable&apos;]//tbody//tr//td[text()=&apos;Stock Futures&apos;]//parent::tr (tried for 5 second(s) with 500 milliseconds interval)
Build info: version: &apos;4.32.0&apos;, revision: &apos;d17c8aa950&apos;
System info: os.name: &apos;Windows 11&apos;, os.arch: &apos;amd64&apos;, os.version: &apos;10.0&apos;, java.version: &apos;24.0.1&apos;
Driver info: org.openqa.selenium.firefox.FirefoxDriver
Capabilities {acceptInsecureCerts: true, browserName: firefox, browserVersion: 143.0, moz:accessibilityChecks: false, moz:buildID: 20250908174027, moz:geckodriverVersion: 0.36.0, moz:headless: true, moz:platformVersion: 10.0, moz:processID: 5212, moz:profile: C:\Users\PRAVEP~1.000\AppDa..., moz:shutdownTimeout: 60000, moz:webdriverClick: true, moz:windowless: false, pageLoadStrategy: normal, platformName: windows, proxy: Proxy(), setWindowRect: true, strictFileInteractability: false, timeouts: {implicit: 0, pageLoad: 300000, script: 30000}, unhandledPromptBehavior: dismiss and notify, userAgent: Mozilla/5.0 (Windows NT 10....}
Session ID: d2528a12-153f-4ee6-bf5f-c65a0d40ff95
	at org.openqa.selenium.support.ui.WebDriverWait.timeoutException(WebDriverWait.java:84)
	at org.openqa.selenium.support.ui.FluentWait.until(FluentWait.java:228)
	at pageObjects.StocksCalls.extarctStocksCallsData(StocksCalls.java:48)
	at stepDefinitions.StocksCallStepDefiniton.click_on_most_active_stocks_calls_data(StocksCallStepDefiniton.java:18)
	at ✽.Click On Most Active Stocks Calls Data(file:///C:/Users/prave.PRAVEENREDDY.000/eclipse-workspace/TradingStocks/src/test/java/Features/StocksCalls.feature:4)
</div></td></tr></table><p class="totop"><a href="#summary">back to summary</a></p>
<h3 id="m7">testRunner.TestRunner#runScenario</h3><table class="result"><tr class="param"><th>Parameter #1</th><th>Parameter #2</th></tr><tr class="param stripe"><td>&quot;Extracting data from Nse&quot;</td><td>&quot;Validation For Most Active Futures Contracts Data in NSE&quot;</td></tr><tr><th colspan="2">Exception</th></tr><tr><td colspan="2"><div class="stacktrace">org.openqa.selenium.TimeoutException: Expected condition failed: waiting for visibility of all elements located by By.xpath: //table[@id=&apos;MACEquityTable&apos;]//tbody//following::tr//td[text()=&apos;Stock Futures&apos;]//parent::tr (tried for 5 second(s) with 500 milliseconds interval)
Build info: version: &apos;4.32.0&apos;, revision: &apos;d17c8aa950&apos;
System info: os.name: &apos;Windows 11&apos;, os.arch: &apos;amd64&apos;, os.version: &apos;10.0&apos;, java.version: &apos;24.0.1&apos;
Driver info: org.openqa.selenium.firefox.FirefoxDriver
Capabilities {acceptInsecureCerts: true, browserName: firefox, browserVersion: 143.0, moz:accessibilityChecks: false, moz:buildID: 20250908174027, moz:geckodriverVersion: 0.36.0, moz:headless: true, moz:platformVersion: 10.0, moz:processID: 28332, moz:profile: C:\Users\PRAVEP~1.000\AppDa..., moz:shutdownTimeout: 60000, moz:webdriverClick: true, moz:windowless: false, pageLoadStrategy: normal, platformName: windows, proxy: Proxy(), setWindowRect: true, strictFileInteractability: false, timeouts: {implicit: 0, pageLoad: 300000, script: 30000}, unhandledPromptBehavior: dismiss and notify, userAgent: Mozilla/5.0 (Windows NT 10....}
Session ID: a79a1328-1352-4d6c-ba01-5b648367c772
	at org.openqa.selenium.support.ui.WebDriverWait.timeoutException(WebDriverWait.java:84)
	at org.openqa.selenium.support.ui.FluentWait.until(FluentWait.java:228)
	at pageObjects.FutureContracts.dataOfMostActiveFutureContract(FutureContracts.java:59)
	at stepDefinitions.ActiveFutureContractStepDefinition.click_on_most_active_futures_contract_data(ActiveFutureContractStepDefinition.java:24)
	at ✽.Click On Most Active Futures Contract Data(file:///C:/Users/prave.PRAVEENREDDY.000/eclipse-workspace/TradingStocks/src/test/java/Features/ActiveFutureContracts.feature:4)
</div></td></tr></table><p class="totop"><a href="#summary">back to summary</a></p>
<h3 id="m8">testRunner.TestRunner#runScenario</h3><table class="result"><tr class="param"><th>Parameter #1</th><th>Parameter #2</th></tr><tr class="param stripe"><td>&quot;Extracting data from Nse&quot;</td><td>&quot;Validation For Most Active Futures Contracts Data in NSE&quot;</td></tr><tr><th colspan="2">Exception</th></tr><tr><td colspan="2"><div class="stacktrace">org.openqa.selenium.TimeoutException: Expected condition failed: waiting for visibility of all elements located by By.xpath: //table[@id=&apos;MACEquityTable&apos;]//tbody//following::tr//td[text()=&apos;Stock Futures&apos;]//parent::tr (tried for 5 second(s) with 500 milliseconds interval)
Build info: version: &apos;4.32.0&apos;, revision: &apos;d17c8aa950&apos;
System info: os.name: &apos;Windows 11&apos;, os.arch: &apos;amd64&apos;, os.version: &apos;10.0&apos;, java.version: &apos;24.0.1&apos;
Driver info: org.openqa.selenium.firefox.FirefoxDriver
Capabilities {acceptInsecureCerts: true, browserName: firefox, browserVersion: 143.0, moz:accessibilityChecks: false, moz:buildID: 20250908174027, moz:geckodriverVersion: 0.36.0, moz:headless: true, moz:platformVersion: 10.0, moz:processID: 21296, moz:profile: C:\Users\PRAVEP~1.000\AppDa..., moz:shutdownTimeout: 60000, moz:webdriverClick: true, moz:windowless: false, pageLoadStrategy: normal, platformName: windows, proxy: Proxy(), setWindowRect: true, strictFileInteractability: false, timeouts: {implicit: 0, pageLoad: 300000, script: 30000}, unhandledPromptBehavior: dismiss and notify, userAgent: Mozilla/5.0 (Windows NT 10....}
Session ID: 6da63667-4e3e-40fd-bad2-cba7d067959b
	at org.openqa.selenium.support.ui.WebDriverWait.timeoutException(WebDriverWait.java:84)
	at org.openqa.selenium.support.ui.FluentWait.until(FluentWait.java:228)
	at pageObjects.FutureContracts.dataOfMostActiveFutureContract(FutureContracts.java:59)
	at stepDefinitions.ActiveFutureContractStepDefinition.click_on_most_active_futures_contract_data(ActiveFutureContractStepDefinition.java:24)
	at ✽.Click On Most Active Futures Contract Data(file:///C:/Users/prave.PRAVEENREDDY.000/eclipse-workspace/TradingStocks/src/test/java/Features/ActiveFutureContracts.feature:4)
</div></td></tr></table><p class="totop"><a href="#summary">back to summary</a></p>
<h3 id="m9">testRunner.TestRunner#runScenario</h3><table class="result"><tr class="param"><th>Parameter #1</th><th>Parameter #2</th></tr><tr class="param stripe"><td>&quot;Extracting data from Nse of Rise In OI Rise In Price&quot;</td><td>&quot;Validation For Bullish Stocks Rise In OI Rise In Price Data in NSE&quot;</td></tr><tr><th colspan="2">Exception</th></tr><tr><td colspan="2"><div class="stacktrace">java.lang.AssertionError: expected [true] but found [false]
	at pageObjects.RORIBullish.riseInOiandRiseInPrice(RORIBullish.java:75)
	at stepDefinitions.BullishStocksTradStepDefinition.click_on_rise_in_oi_rise_in_price_for_stocks_data(BullishStocksTradStepDefinition.java:20)
	at ✽.Click On Rise In OI Rise In Price for Stocks Data(file:///C:/Users/prave.PRAVEENREDDY.000/eclipse-workspace/TradingStocks/src/test/java/Features/Bullish.feature:4)
... Removed 4 stack frames</div></td></tr></table><p class="totop"><a href="#summary">back to summary</a></p>
<h3 id="m10">testRunner.TestRunner#runScenario</h3><table class="result"><tr class="param"><th>Parameter #1</th><th>Parameter #2</th></tr><tr class="param stripe"><td>&quot;Extracting Most Active Stocks Calls Data from Nse&quot;</td><td>&quot;Validation For Most Active Stocks calls Data From NSE&quot;</td></tr><tr><th colspan="2">Exception</th></tr><tr><td colspan="2"><div class="stacktrace">org.openqa.selenium.TimeoutException: Expected condition failed: waiting for visibility of all elements located by By.xpath: //table[@id=&apos;MACEquityTable&apos;]//tbody//tr//td[text()=&apos;Stock Options&apos;]//parent::tr | //table[@id=&apos;MACEquityTable&apos;]//tbody//tr//td[text()=&apos;Stock Futures&apos;]//parent::tr (tried for 5 second(s) with 500 milliseconds interval)
Build info: version: &apos;4.32.0&apos;, revision: &apos;d17c8aa950&apos;
System info: os.name: &apos;Windows 11&apos;, os.arch: &apos;amd64&apos;, os.version: &apos;10.0&apos;, java.version: &apos;24.0.1&apos;
Driver info: org.openqa.selenium.firefox.FirefoxDriver
Capabilities {acceptInsecureCerts: true, browserName: firefox, browserVersion: 143.0, moz:accessibilityChecks: false, moz:buildID: 20250908174027, moz:geckodriverVersion: 0.36.0, moz:headless: true, moz:platformVersion: 10.0, moz:processID: 26436, moz:profile: C:\Users\PRAVEP~1.000\AppDa..., moz:shutdownTimeout: 60000, moz:webdriverClick: true, moz:windowless: false, pageLoadStrategy: normal, platformName: windows, proxy: Proxy(), setWindowRect: true, strictFileInteractability: false, timeouts: {implicit: 0, pageLoad: 300000, script: 30000}, unhandledPromptBehavior: dismiss and notify, userAgent: Mozilla/5.0 (Windows NT 10....}
Session ID: ac4a93c8-8dca-4d8b-86d3-d2b765625c57
	at org.openqa.selenium.support.ui.WebDriverWait.timeoutException(WebDriverWait.java:84)
	at org.openqa.selenium.support.ui.FluentWait.until(FluentWait.java:228)
	at pageObjects.StocksCalls.extarctStocksCallsData(StocksCalls.java:48)
	at stepDefinitions.StocksCallStepDefiniton.click_on_most_active_stocks_calls_data(StocksCallStepDefiniton.java:18)
	at ✽.Click On Most Active Stocks Calls Data(file:///C:/Users/prave.PRAVEENREDDY.000/eclipse-workspace/TradingStocks/src/test/java/Features/StocksCalls.feature:4)
</div></td></tr></table><p class="totop"><a href="#summary">back to summary</a></p>
<h3 id="m11">testRunner.TestRunner#runScenario</h3><table class="result"><tr class="param"><th>Parameter #1</th><th>Parameter #2</th></tr><tr class="param stripe"><td>&quot;Extracting Most Active Stocks Calls Data from Nse&quot;</td><td>&quot;Validation For Most Active Stocks calls Data From NSE&quot;</td></tr><tr><th colspan="2">Exception</th></tr><tr><td colspan="2"><div class="stacktrace">org.openqa.selenium.TimeoutException: Expected condition failed: waiting for visibility of all elements located by By.xpath: //table[@id=&apos;MACEquityTable&apos;]//tbody//tr//td[text()=&apos;Stock Options&apos;]//parent::tr | //table[@id=&apos;MACEquityTable&apos;]//tbody//tr//td[text()=&apos;Stock Futures&apos;]//parent::tr (tried for 5 second(s) with 500 milliseconds interval)
Build info: version: &apos;4.32.0&apos;, revision: &apos;d17c8aa950&apos;
System info: os.name: &apos;Windows 11&apos;, os.arch: &apos;amd64&apos;, os.version: &apos;10.0&apos;, java.version: &apos;24.0.1&apos;
Driver info: org.openqa.selenium.firefox.FirefoxDriver
Capabilities {acceptInsecureCerts: true, browserName: firefox, browserVersion: 143.0, moz:accessibilityChecks: false, moz:buildID: 20250908174027, moz:geckodriverVersion: 0.36.0, moz:headless: true, moz:platformVersion: 10.0, moz:processID: 12628, moz:profile: C:\Users\PRAVEP~1.000\AppDa..., moz:shutdownTimeout: 60000, moz:webdriverClick: true, moz:windowless: false, pageLoadStrategy: normal, platformName: windows, proxy: Proxy(), setWindowRect: true, strictFileInteractability: false, timeouts: {implicit: 0, pageLoad: 300000, script: 30000}, unhandledPromptBehavior: dismiss and notify, userAgent: Mozilla/5.0 (Windows NT 10....}
Session ID: 9bee9aa8-745e-4ee1-b3ff-df57fecabfa3
	at org.openqa.selenium.support.ui.WebDriverWait.timeoutException(WebDriverWait.java:84)
	at org.openqa.selenium.support.ui.FluentWait.until(FluentWait.java:228)
	at pageObjects.StocksCalls.extarctStocksCallsData(StocksCalls.java:48)
	at stepDefinitions.StocksCallStepDefiniton.click_on_most_active_stocks_calls_data(StocksCallStepDefiniton.java:18)
	at ✽.Click On Most Active Stocks Calls Data(file:///C:/Users/prave.PRAVEENREDDY.000/eclipse-workspace/TradingStocks/src/test/java/Features/StocksCalls.feature:4)
</div></td></tr></table><p class="totop"><a href="#summary">back to summary</a></p>
<h3 id="m12">testRunner.TestRunner#runScenario</h3><table class="result"><tr class="param"><th>Parameter #1</th><th>Parameter #2</th></tr><tr class="param stripe"><td>&quot;Extracting Short Covering Stocks Data from Nse&quot;</td><td>&quot;Validation For Short Covering Data Slide In Oi Rise Price From NSE&quot;</td></tr></table><p class="totop"><a href="#summary">back to summary</a></p>
<h3 id="m13">testRunner.TestRunner#runScenario</h3><table class="result"><tr class="param"><th>Parameter #1</th><th>Parameter #2</th></tr><tr class="param stripe"><td>&quot;Extracting Most Active Stocks Calls Data from Nse&quot;</td><td>&quot;Validation For Most Active Stocks calls Data From NSE&quot;</td></tr></table><p class="totop"><a href="#summary">back to summary</a></p>
<h3 id="m14">testRunner.TestRunner#runScenario</h3><table class="result"><tr class="param"><th>Parameter #1</th><th>Parameter #2</th></tr><tr class="param stripe"><td>&quot;Extracting data from Nse&quot;</td><td>&quot;Validation For Most Active Futures Contracts Data in NSE&quot;</td></tr></table><p class="totop"><a href="#summary">back to summary</a></p>
<h3 id="m15">testRunner.TestRunner#runScenario</h3><table class="result"><tr class="param"><th>Parameter #1</th><th>Parameter #2</th></tr><tr class="param stripe"><td>&quot;Extracting data from chartlink&quot;</td><td>&quot;Validation For Most Active Futures Contracts Data in chartlink&quot;</td></tr></table><p class="totop"><a href="#summary">back to summary</a></p>
<h3 id="m16">testRunner.TestRunner#runScenario</h3><table class="result"><tr class="param"><th>Parameter #1</th><th>Parameter #2</th></tr><tr class="param stripe"><td>&quot;Extracting Most Active Stocks Put from Nse&quot;</td><td>&quot;Validation For Most Active Stocks Puts Data From NSE&quot;</td></tr></table><p class="totop"><a href="#summary">back to summary</a></p>
</body>
</html>
